2017-03-26 10:08:07.903 DEBUG 14819 --- [http-nio-9898-exec-1] o.s.web.servlet.DispatcherServlet        : Initializing servlet 'dispatcherServlet'
2017-03-26 10:08:07.903  INFO 14819 --- [http-nio-9898-exec-1] o.a.c.c.C.[Tomcat].[localhost].[/]       : Initializing Spring FrameworkServlet 'dispatcherServlet'
2017-03-26 10:08:07.904  INFO 14819 --- [http-nio-9898-exec-1] o.s.web.servlet.DispatcherServlet        : FrameworkServlet 'dispatcherServlet': initialization started
2017-03-26 10:08:07.904 DEBUG 14819 --- [http-nio-9898-exec-1] o.s.b.f.s.DefaultListableBeanFactory     : Returning cached instance of singleton bean 'multipartResolver'
2017-03-26 10:08:07.904 DEBUG 14819 --- [http-nio-9898-exec-1] o.s.web.servlet.DispatcherServlet        : Using MultipartResolver [org.springframework.web.multipart.support.StandardServletMultipartResolver@2270a34d]
2017-03-26 10:08:07.904 DEBUG 14819 --- [http-nio-9898-exec-1] o.s.b.f.s.DefaultListableBeanFactory     : Creating instance of bean 'org.springframework.web.servlet.i18n.AcceptHeaderLocaleResolver'
2017-03-26 10:08:07.904 DEBUG 14819 --- [http-nio-9898-exec-1] o.s.b.f.s.DefaultListableBeanFactory     : Returning cached instance of singleton bean 'org.springframework.transaction.config.internalTransactionAdvisor'
2017-03-26 10:08:07.906 DEBUG 14819 --- [http-nio-9898-exec-1] o.s.b.f.s.DefaultListableBeanFactory     : Returning cached instance of singleton bean 'org.springframework.transaction.config.internalTransactionAdvisor'
2017-03-26 10:08:07.907 DEBUG 14819 --- [http-nio-9898-exec-1] o.s.b.f.s.DefaultListableBeanFactory     : Returning cached instance of singleton bean 'org.springframework.transaction.config.internalTransactionAdvisor'
2017-03-26 10:08:07.907 DEBUG 14819 --- [http-nio-9898-exec-1] o.s.b.f.s.DefaultListableBeanFactory     : Finished creating instance of bean 'org.springframework.web.servlet.i18n.AcceptHeaderLocaleResolver'
2017-03-26 10:08:07.907 DEBUG 14819 --- [http-nio-9898-exec-1] o.s.web.servlet.DispatcherServlet        : Unable to locate LocaleResolver with name 'localeResolver': using default [org.springframework.web.servlet.i18n.AcceptHeaderLocaleResolver@26a9e0a6]
2017-03-26 10:08:07.908 DEBUG 14819 --- [http-nio-9898-exec-1] o.s.b.f.s.DefaultListableBeanFactory     : Creating instance of bean 'org.springframework.web.servlet.theme.FixedThemeResolver'
2017-03-26 10:08:07.908 DEBUG 14819 --- [http-nio-9898-exec-1] o.s.b.f.s.DefaultListableBeanFactory     : Returning cached instance of singleton bean 'org.springframework.transaction.config.internalTransactionAdvisor'
2017-03-26 10:08:07.910 DEBUG 14819 --- [http-nio-9898-exec-1] o.s.b.f.s.DefaultListableBeanFactory     : Returning cached instance of singleton bean 'org.springframework.transaction.config.internalTransactionAdvisor'
2017-03-26 10:08:07.911 DEBUG 14819 --- [http-nio-9898-exec-1] o.s.b.f.s.DefaultListableBeanFactory     : Returning cached instance of singleton bean 'org.springframework.transaction.config.internalTransactionAdvisor'
2017-03-26 10:08:07.911 DEBUG 14819 --- [http-nio-9898-exec-1] o.s.b.f.s.DefaultListableBeanFactory     : Finished creating instance of bean 'org.springframework.web.servlet.theme.FixedThemeResolver'
2017-03-26 10:08:07.911 DEBUG 14819 --- [http-nio-9898-exec-1] o.s.web.servlet.DispatcherServlet        : Unable to locate ThemeResolver with name 'themeResolver': using default [org.springframework.web.servlet.theme.FixedThemeResolver@350164a0]
2017-03-26 10:08:07.911 DEBUG 14819 --- [http-nio-9898-exec-1] o.s.b.f.s.DefaultListableBeanFactory     : Returning cached instance of singleton bean 'requestMappingHandlerMapping'
2017-03-26 10:08:07.911 DEBUG 14819 --- [http-nio-9898-exec-1] o.s.b.f.s.DefaultListableBeanFactory     : Returning cached instance of singleton bean 'viewControllerHandlerMapping'
2017-03-26 10:08:07.911 DEBUG 14819 --- [http-nio-9898-exec-1] o.s.b.f.s.DefaultListableBeanFactory     : Returning cached instance of singleton bean 'beanNameHandlerMapping'
2017-03-26 10:08:07.912 DEBUG 14819 --- [http-nio-9898-exec-1] o.s.b.f.s.DefaultListableBeanFactory     : Returning cached instance of singleton bean 'resourceHandlerMapping'
2017-03-26 10:08:07.912 DEBUG 14819 --- [http-nio-9898-exec-1] o.s.b.f.s.DefaultListableBeanFactory     : Returning cached instance of singleton bean 'defaultServletHandlerMapping'
2017-03-26 10:08:07.912 DEBUG 14819 --- [http-nio-9898-exec-1] o.s.b.f.s.DefaultListableBeanFactory     : Returning cached instance of singleton bean 'requestMappingHandlerAdapter'
2017-03-26 10:08:07.912 DEBUG 14819 --- [http-nio-9898-exec-1] o.s.b.f.s.DefaultListableBeanFactory     : Returning cached instance of singleton bean 'httpRequestHandlerAdapter'
2017-03-26 10:08:07.912 DEBUG 14819 --- [http-nio-9898-exec-1] o.s.b.f.s.DefaultListableBeanFactory     : Returning cached instance of singleton bean 'simpleControllerHandlerAdapter'
2017-03-26 10:08:07.913 DEBUG 14819 --- [http-nio-9898-exec-1] o.s.b.f.s.DefaultListableBeanFactory     : Returning cached instance of singleton bean 'handlerExceptionResolver'
2017-03-26 10:08:07.913 DEBUG 14819 --- [http-nio-9898-exec-1] o.s.b.f.s.DefaultListableBeanFactory     : Returning cached instance of singleton bean 'errorAttributes'
2017-03-26 10:08:07.913 DEBUG 14819 --- [http-nio-9898-exec-1] o.s.b.f.s.DefaultListableBeanFactory     : Creating instance of bean 'org.springframework.web.servlet.view.DefaultRequestToViewNameTranslator'
2017-03-26 10:08:07.913 DEBUG 14819 --- [http-nio-9898-exec-1] o.s.b.f.s.DefaultListableBeanFactory     : Returning cached instance of singleton bean 'org.springframework.transaction.config.internalTransactionAdvisor'
2017-03-26 10:08:07.915 DEBUG 14819 --- [http-nio-9898-exec-1] o.s.b.f.s.DefaultListableBeanFactory     : Returning cached instance of singleton bean 'org.springframework.transaction.config.internalTransactionAdvisor'
2017-03-26 10:08:07.915 DEBUG 14819 --- [http-nio-9898-exec-1] o.s.b.f.s.DefaultListableBeanFactory     : Returning cached instance of singleton bean 'org.springframework.transaction.config.internalTransactionAdvisor'
2017-03-26 10:08:07.915 DEBUG 14819 --- [http-nio-9898-exec-1] o.s.b.f.s.DefaultListableBeanFactory     : Finished creating instance of bean 'org.springframework.web.servlet.view.DefaultRequestToViewNameTranslator'
2017-03-26 10:08:07.915 DEBUG 14819 --- [http-nio-9898-exec-1] o.s.web.servlet.DispatcherServlet        : Unable to locate RequestToViewNameTranslator with name 'viewNameTranslator': using default [org.springframework.web.servlet.view.DefaultRequestToViewNameTranslator@1034fe2b]
2017-03-26 10:08:07.916 DEBUG 14819 --- [http-nio-9898-exec-1] o.s.b.f.s.DefaultListableBeanFactory     : Returning cached instance of singleton bean 'mvcViewResolver'
2017-03-26 10:08:07.916 DEBUG 14819 --- [http-nio-9898-exec-1] o.s.b.f.s.DefaultListableBeanFactory     : Returning cached instance of singleton bean 'beanNameViewResolver'
2017-03-26 10:08:07.916 DEBUG 14819 --- [http-nio-9898-exec-1] o.s.b.f.s.DefaultListableBeanFactory     : Returning cached instance of singleton bean 'freeMarkerViewResolver'
2017-03-26 10:08:07.917 DEBUG 14819 --- [http-nio-9898-exec-1] o.s.b.f.s.DefaultListableBeanFactory     : Creating instance of bean 'org.springframework.web.servlet.support.SessionFlashMapManager'
2017-03-26 10:08:07.917 DEBUG 14819 --- [http-nio-9898-exec-1] o.s.b.f.s.DefaultListableBeanFactory     : Returning cached instance of singleton bean 'org.springframework.transaction.config.internalTransactionAdvisor'
2017-03-26 10:08:07.921 DEBUG 14819 --- [http-nio-9898-exec-1] o.s.b.f.s.DefaultListableBeanFactory     : Returning cached instance of singleton bean 'org.springframework.transaction.config.internalTransactionAdvisor'
2017-03-26 10:08:07.922 DEBUG 14819 --- [http-nio-9898-exec-1] o.s.b.f.s.DefaultListableBeanFactory     : Returning cached instance of singleton bean 'org.springframework.transaction.config.internalTransactionAdvisor'
2017-03-26 10:08:07.922 DEBUG 14819 --- [http-nio-9898-exec-1] o.s.b.f.s.DefaultListableBeanFactory     : Finished creating instance of bean 'org.springframework.web.servlet.support.SessionFlashMapManager'
2017-03-26 10:08:07.922 DEBUG 14819 --- [http-nio-9898-exec-1] o.s.web.servlet.DispatcherServlet        : Unable to locate FlashMapManager with name 'flashMapManager': using default [org.springframework.web.servlet.support.SessionFlashMapManager@69d85fd0]
2017-03-26 10:08:07.922 DEBUG 14819 --- [http-nio-9898-exec-1] o.s.web.servlet.DispatcherServlet        : Published WebApplicationContext of servlet 'dispatcherServlet' as ServletContext attribute with name [org.springframework.web.servlet.FrameworkServlet.CONTEXT.dispatcherServlet]
2017-03-26 10:08:07.922  INFO 14819 --- [http-nio-9898-exec-1] o.s.web.servlet.DispatcherServlet        : FrameworkServlet 'dispatcherServlet': initialization completed in 18 ms
2017-03-26 10:08:07.922 DEBUG 14819 --- [http-nio-9898-exec-1] o.s.web.servlet.DispatcherServlet        : Servlet 'dispatcherServlet' configured successfully
2017-03-26 10:08:07.935 DEBUG 14819 --- [http-nio-9898-exec-1] o.s.web.servlet.DispatcherServlet        : DispatcherServlet with name 'dispatcherServlet' processing GET request for [/book/init]
2017-03-26 10:08:07.937 DEBUG 14819 --- [http-nio-9898-exec-1] s.w.s.m.m.a.RequestMappingHandlerMapping : Looking up handler method for path /book/init
2017-03-26 10:08:07.939 DEBUG 14819 --- [http-nio-9898-exec-1] s.w.s.m.m.a.RequestMappingHandlerMapping : Returning handler method [public com.gz.fz.json.BaseJson com.gz.fz.controller.BookController.init(java.lang.String)]
2017-03-26 10:08:07.939 DEBUG 14819 --- [http-nio-9898-exec-1] o.s.b.f.s.DefaultListableBeanFactory     : Returning cached instance of singleton bean 'bookController'
2017-03-26 10:08:07.940 DEBUG 14819 --- [http-nio-9898-exec-1] o.s.web.servlet.DispatcherServlet        : Last-Modified value for [/book/init] is: -1
2017-03-26 10:08:08.351  INFO 14819 --- [http-nio-9898-exec-1] com.alibaba.druid.pool.DruidDataSource   : {dataSource-1} inited
2017-03-26 10:08:08.374 DEBUG 14819 --- [http-nio-9898-exec-1] o.s.jdbc.datasource.DataSourceUtils      : Fetching JDBC Connection from DataSource
2017-03-26 10:08:08.418 DEBUG 14819 --- [http-nio-9898-exec-1] o.s.jdbc.datasource.DataSourceUtils      : Returning JDBC Connection to DataSource
2017-03-26 10:08:08.452 DEBUG 14819 --- [http-nio-9898-exec-1] o.s.jdbc.datasource.DataSourceUtils      : Fetching JDBC Connection from DataSource
2017-03-26 10:08:08.474 DEBUG 14819 --- [http-nio-9898-exec-1] o.s.jdbc.datasource.DataSourceUtils      : Returning JDBC Connection to DataSource
2017-03-26 10:08:08.477 DEBUG 14819 --- [http-nio-9898-exec-1] o.s.jdbc.datasource.DataSourceUtils      : Fetching JDBC Connection from DataSource
2017-03-26 10:08:08.585 DEBUG 14819 --- [http-nio-9898-exec-1] o.s.jdbc.datasource.DataSourceUtils      : Returning JDBC Connection to DataSource
2017-03-26 10:08:08.586 DEBUG 14819 --- [http-nio-9898-exec-1] o.s.jdbc.datasource.DataSourceUtils      : Fetching JDBC Connection from DataSource
2017-03-26 10:08:08.610 DEBUG 14819 --- [http-nio-9898-exec-1] o.s.jdbc.datasource.DataSourceUtils      : Returning JDBC Connection to DataSource
2017-03-26 10:08:08.682 DEBUG 14819 --- [http-nio-9898-exec-1] m.m.a.RequestResponseBodyMethodProcessor : Written [com.gz.fz.json.BaseJson@7fd17526] as "application/json;charset=UTF-8" using [org.springframework.http.converter.json.MappingJackson2HttpMessageConverter@10625359]
2017-03-26 10:08:08.682 DEBUG 14819 --- [http-nio-9898-exec-1] o.s.web.servlet.DispatcherServlet        : Null ModelAndView returned to DispatcherServlet with name 'dispatcherServlet': assuming HandlerAdapter completed request handling
2017-03-26 10:08:08.682 DEBUG 14819 --- [http-nio-9898-exec-1] o.s.web.servlet.DispatcherServlet        : Successfully completed request
2017-03-26 10:23:07.739  INFO 14819 --- [Thread-2] ationConfigEmbeddedWebApplicationContext : Closing org.springframework.boot.context.embedded.AnnotationConfigEmbeddedWebApplicationContext@1318b3a3: startup date [Sun Mar 26 10:07:46 CST 2017]; root of context hierarchy
2017-03-26 10:23:07.752 DEBUG 14819 --- [Thread-2] o.s.b.f.s.DefaultListableBeanFactory     : Returning cached instance of singleton bean 'lifecycleProcessor'
2017-03-26 10:23:07.753 DEBUG 14819 --- [Thread-2] o.s.b.f.s.DefaultListableBeanFactory     : Destroying singletons in org.springframework.beans.factory.support.DefaultListableBeanFactory@457095e5: defining beans [org.springframework.context.annotation.internalConfigurationAnnotationProcessor,org.springframework.context.annotation.internalAutowiredAnnotationProcessor,org.springframework.context.annotation.internalRequiredAnnotationProcessor,org.springframework.context.annotation.internalCommonAnnotationProcessor,org.springframework.context.event.internalEventListenerProcessor,org.springframework.context.event.internalEventListenerFactory,application,org.springframework.context.annotation.ConfigurationClassPostProcessor.importAwareProcessor,org.springframework.context.annotation.ConfigurationClassPostProcessor.enhancedConfigurationProcessor,corsConfig,myBatisConfig,myBatisMapperScannerConfig,webMvcConfig,annotationController,bookController,bookManageController,bookMarkController,searchController,annotatorService,bookManagerService,bookMarkService,bookService,configuration,corsFilter,org.springframework.transaction.annotation.ProxyTransactionManagementConfiguration,org.springframework.transaction.config.internalTransactionAdvisor,transactionAttributeSource,transactionInterceptor,org.springframework.transaction.config.internalTransactionalEventListenerFactory,sqlSessionFactory,sqlSessionTemplate,annotationDrivenTransactionManager,org.springframework.aop.config.internalAutoProxyCreator,mapperScannerConfigurer,org.springframework.web.servlet.config.annotation.DelegatingWebMvcConfiguration,requestMappingHandlerMapping,mvcContentNegotiationManager,viewControllerHandlerMapping,beanNameHandlerMapping,resourceHandlerMapping,mvcResourceUrlProvider,defaultServletHandlerMapping,requestMappingHandlerAdapter,mvcConversionService,mvcValidator,mvcPathMatcher,mvcUrlPathHelper,mvcUriComponentsContributor,httpRequestHandlerAdapter,simpleControllerHandlerAdapter,handlerExceptionResolver,mvcViewResolver,org.springframework.boot.autoconfigure.AutoConfigurationPackages,org.springframework.boot.autoconfigure.PropertyPlaceholderAutoConfiguration,org.springframework.boot.autoconfigure.condition.BeanTypeRegistry,propertySourcesPlaceholderConfigurer,org.springframework.boot.autoconfigure.websocket.WebSocketAutoConfiguration$TomcatWebSocketConfiguration,websocketContainerCustomizer,org.springframework.boot.autoconfigure.websocket.WebSocketAutoConfiguration,org.springframework.boot.autoconfigure.web.EmbeddedServletContainerAutoConfiguration$EmbeddedTomcat,tomcatEmbeddedServletContainerFactory,org.springframework.boot.autoconfigure.web.EmbeddedServletContainerAutoConfiguration,embeddedServletContainerCustomizerBeanPostProcessor,org.springframework.boot.autoconfigure.web.DispatcherServletAutoConfiguration$DispatcherServletConfiguration,dispatcherServlet,dispatcherServletRegistration,spring.mvc.CONFIGURATION_PROPERTIES,org.springframework.boot.context.properties.ConfigurationPropertiesBindingPostProcessor,org.springframework.boot.context.properties.ConfigurationPropertiesBindingPostProcessor.store,org.springframework.boot.autoconfigure.web.DispatcherServletAutoConfiguration,org.springframework.boot.autoconfigure.web.ErrorMvcAutoConfiguration$WhitelabelErrorViewConfiguration,error,beanNameViewResolver,org.springframework.boot.autoconfigure.web.ErrorMvcAutoConfiguration,errorAttributes,basicErrorController,errorPageCustomizer,preserveErrorControllerTargetClassPostProcessor,org.springframework.boot.autoconfigure.jmx.JmxAutoConfiguration,mbeanExporter,objectNamingStrategy,mbeanServer,org.springframework.boot.autoconfigure.aop.AopAutoConfiguration$JdkDynamicAutoProxyConfiguration,org.springframework.boot.autoconfigure.aop.AopAutoConfiguration,org.springframework.boot.autoconfigure.jdbc.DataSourceAutoConfiguration$JdbcTemplateConfiguration,jdbcTemplate,namedParameterJdbcTemplate,org.springframework.boot.autoconfigure.jdbc.DataSourceAutoConfiguration$NonEmbeddedConfiguration,dataSource,org.springframework.boot.autoconfigure.jdbc.DataSourceAutoConfiguration$DataSourceInitializerConfiguration,dataSourceInitializer,org.springframework.boot.autoconfigure.jdbc.metadata.DataSourcePoolMetadataProvidersConfiguration$TomcatDataSourcePoolMetadataProviderConfiguration,tomcatPoolDataSourceMetadataProvider,org.springframework.boot.autoconfigure.jdbc.metadata.DataSourcePoolMetadataProvidersConfiguration,org.springframework.boot.autoconfigure.jdbc.DataSourceAutoConfiguration,spring.datasource.CONFIGURATION_PROPERTIES,dataSourceInitializerPostProcessor,org.springframework.boot.autoconfigure.context.ConfigurationPropertiesAutoConfiguration,org.springframework.boot.autoconfigure.dao.PersistenceExceptionTranslationAutoConfiguration,persistenceExceptionTranslationPostProcessor,org.springframework.boot.autoconfigure.jackson.JacksonAutoConfiguration$JacksonObjectMapperBuilderConfiguration,jacksonObjectMapperBuilder,spring.jackson.CONFIGURATION_PROPERTIES,org.springframework.boot.autoconfigure.jackson.JacksonAutoConfiguration$JodaDateTimeJacksonConfiguration,jodaDateTimeSerializationModule,org.springframework.boot.autoconfigure.jackson.JacksonAutoConfiguration$JacksonObjectMapperConfiguration,jacksonObjectMapper,org.springframework.boot.autoconfigure.jackson.JacksonAutoConfiguration,org.springframework.boot.autoconfigure.web.HttpMessageConvertersAutoConfiguration$StringHttpMessageConverterConfiguration,stringHttpMessageConverter,spring.http.encoding.CONFIGURATION_PROPERTIES,org.springframework.boot.autoconfigure.web.JacksonHttpMessageConvertersConfiguration$MappingJackson2HttpMessageConverterConfiguration,mappingJackson2HttpMessageConverter,org.springframework.boot.autoconfigure.web.JacksonHttpMessageConvertersConfiguration,org.springframework.boot.autoconfigure.web.HttpMessageConvertersAutoConfiguration,messageConverters,org.springframework.boot.autoconfigure.freemarker.FreeMarkerAutoConfiguration$FreeMarkerWebConfiguration,freeMarkerConfigurer,freeMarkerConfiguration,freeMarkerViewResolver,org.springframework.boot.autoconfigure.freemarker.FreeMarkerAutoConfiguration,spring.freemarker.CONFIGURATION_PROPERTIES,org.springframework.boot.autoconfigure.jdbc.DataSourceTransactionManagerAutoConfiguration,org.springframework.boot.autoconfigure.transaction.TransactionAutoConfiguration,transactionTemplate,org.springframework.boot.autoconfigure.web.HttpEncodingAutoConfiguration,characterEncodingFilter,org.springframework.boot.autoconfigure.web.MultipartAutoConfiguration,multipartConfigElement,multipartResolver,multipart.CONFIGURATION_PROPERTIES,org.springframework.boot.autoconfigure.web.ServerPropertiesAutoConfiguration,serverProperties,duplicateServerPropertiesDetector,annotatorMapper,bookMapper,bookMarkMapper,epubMetadataMapper,epubPageMapper,epubSpineMapper,logMapper,rangeMapper,userMapper]; root of factory hierarchy
2017-03-26 10:23:07.758 DEBUG 14819 --- [Thread-2] o.s.b.f.support.DisposableBeanAdapter    : Invoking destroy() on bean with name 'mbeanExporter'
2017-03-26 10:23:07.759  INFO 14819 --- [Thread-2] o.s.j.e.a.AnnotationMBeanExporter        : Unregistering JMX-exposed beans on shutdown
2017-03-26 10:23:07.761  INFO 14819 --- [Thread-2] o.s.j.e.a.AnnotationMBeanExporter        : Unregistering JMX-exposed beans
2017-03-26 10:23:07.765 DEBUG 14819 --- [Thread-2] o.s.b.f.support.DisposableBeanAdapter    : Invoking destroy() on bean with name 'mvcValidator'
2017-03-26 10:23:07.769 DEBUG 14819 --- [Thread-2] o.s.b.f.support.DisposableBeanAdapter    : Invoking destroy() on bean with name 'sqlSessionTemplate'
2017-03-26 10:23:07.771 DEBUG 14819 --- [Thread-2] o.s.b.f.support.DisposableBeanAdapter    : Invoking destroy() on bean with name 'characterEncodingFilter'
2017-03-26 10:23:07.772 DEBUG 14819 --- [Thread-2] o.s.b.f.support.DisposableBeanAdapter    : Invoking destroy() on bean with name 'corsFilter'
2017-03-26 10:23:07.773 DEBUG 14819 --- [Thread-2] o.s.b.f.support.DisposableBeanAdapter    : Invoking destroy method 'close' on bean with name 'dataSource'
2017-03-26 10:23:07.787  INFO 14819 --- [Thread-2] com.alibaba.druid.pool.DruidDataSource   : {dataSource-1} closed
2017-03-26 10:23:07.787 DEBUG 14819 --- [Thread-2] o.s.b.f.support.DisposableBeanAdapter    : Invoking destroy() on bean with name 'org.springframework.boot.context.properties.ConfigurationPropertiesBindingPostProcessor'
